build/app/outputs/mapping/release/seeds.txt
com.quickPharma.quick_pharma_android.MainActivity
com.quickPharma.quick_pharma_android.MainActivity: MainActivity()
...
com.dexterous.flutterlocalnotifications.models.NotificationChannelGroupDetails: java.lang.String description
com.google.android.gms.internal.measurement.zzgg: com.google.android.gms.internal.measurement.zzkm zzf
com.google.android.gms.internal.measurement.zzgm: com.google.android.gms.internal.measurement.zzgm zza
com.dexterous.flutterlocalnotifications.FlutterLocalNotificationsPlugin: java.lang.String START_FOREGROUND_SERVICE
com.google.android.gms.measurement.internal.zzkw: android.os.Parcelable$Creator CREATOR
com.dexterous.flutterlocalnotifications.models.NotificationDetails: java.lang.String SHORTCUT_ID
com.dexterous.flutterlocalnotifications.models.NotificationDetails: java.lang.String IMPORTANCE
com.dexterous.flutterlocalnotifications.models.NotificationDetails: java.lang.String COLORIZED
com.google.android.gms.internal.measurement.zzgd: java.lang.String zzO
com.google.android.gms.internal.measurement.zzff: com.google.android.gms.internal.measurement.zzkm zzj
com.dexterous.flutterlocalnotifications.models.NotificationAction: java.lang.String id
androidx.window.layout.FoldingFeature$OcclusionType: java.lang.String description
com.dexterous.flutterlocalnotifications.models.NotificationDetails: java.lang.Integer day
com.google.android.gms.internal.measurement.zzgd: long zzl
com.dexterous.flutterlocalnotifications.models.NotificationDetails: java.lang.String HTML_FORMAT_CONTENT_TITLE
com.google.android.gms.maps.GoogleMapOptions: android.os.Parcelable$Creator CREATOR
com.google.android.gms.internal.measurement.zzgd: java.lang.String zzA
io.flutter.view.AccessibilityViewEmbedder: io.flutter.view.AccessibilityViewEmbedder$ReflectionAccessors reflectionAccessors
com.dexterous.flutterlocalnotifications.models.NotificationChannelDetails: java.lang.Integer audioAttributesUsage
com.dexterous.flutterlocalnotifications.models.NotificationDetails: java.lang.String groupKey
com.google.android.gms.dynamite.descriptors.com.google.android.gms.measurement.dynamite.ModuleDescriptor: int MODULE_VERSION
androidx.lifecycle.Lifecycle$Event: androidx.lifecycle.Lifecycle$Event[] $VALUES
com.google.android.gms.internal.measurement.zzgi: com.google.android.gms.internal.measurement.zzkm zzg
com.dexterous.flutterlocalnotifications.models.NotificationDetails: java.lang.String tag
androidx.window.embedding.SplitPairFilter: java.lang.String secondaryActivityIntentAction
com.dexterous.flutterlocalnotifications.FlutterLocalNotificationsPlugin: int NOTIFICATION_PERMISSION_REQUEST_CODE
com.google.android.gms.internal.measurement.zzfh: com.google.android.gms.internal.measurement.zzfh zza
com.dexterous.flutterlocalnotifications.models.NotificationChannelGroupDetails: java.lang.String NAME
com.google.android.gms.internal.measurement.zzfv: com.google.android.gms.internal.measurement.zzfv zza
androidx.fragment.app.FragmentState: android.os.Parcelable$Creator CREATOR
com.dexterous.flutterlocalnotifications.models.NotificationChannelDetails: java.lang.Boolean showBadge
com.dexterous.flutterlocalnotifications.FlutterLocalNotificationsPlugin: java.lang.String INPUT_RESULT
androidx.window.core.Version: int major
com.dexterous.flutterlocalnotifications.models.NotificationDetails: java.lang.String channelName
androidx.window.layout.WindowInfoTrackerImpl$windowLayoutInfo$1: android.app.Activity $activity
com.google.android.gms.maps.model.CameraPosition: android.os.Parcelable$Creator CREATOR
androidx.window.embedding.SplitController: androidx.window.embedding.EmbeddingBackend embeddingBackend
com.dexterous.flutterlocalnotifications.FlutterLocalNotificationsPlugin: java.lang.String SELECT_NOTIFICATION
androidx.window.layout.SidecarCompat$DistinctSidecarElementCallback: java.util.WeakHashMap mActivityWindowLayoutInfo
kotlinx.coroutines.scheduling.CoroutineScheduler: int _isTerminated
com.google.android.gms.maps.model.TileOverlayOptions: android.os.Parcelable$Creator CREATOR
io.flutter.view.AccessibilityViewEmbedder: android.view.View rootAccessibilityView