build/app/outputs/mapping/release/mapping.txt
# compiler: R8
# compiler_version: 3.2.47
# min_api: 21
# common_typos_disable
# {"id":"com.android.tools.r8.mapping","version":"2.0"}
# pg_map_id: 1d7c842
# pg_map_hash: SHA-256 1d7c84238662c5045ea8504de03f0e6fe910ad2a7d16c29c26ce6a2571439761
...
com.google.gson.internal.Primitives -> t3.k:
    boolean isPrimitive(java.lang.reflect.Type) -> a
com.google.gson.internal.Streams -> t3.l:
    com.google.gson.JsonElement parse(com.google.gson.stream.JsonReader) -> a
    void write(com.google.gson.JsonElement,com.google.gson.stream.JsonWriter) -> b
    java.io.Writer writerForAppendable(java.lang.Appendable) -> c
com.google.gson.internal.Streams$AppendableWriter -> t3.l$a:
    com.google.gson.internal.Streams$AppendableWriter$CurrentWrite currentWrite -> n
    java.lang.Appendable appendable -> m
com.google.gson.internal.Streams$AppendableWriter$CurrentWrite -> t3.l$a$a:
    char[] chars -> m
com.google.gson.internal.UnsafeAllocator -> t3.m:
    void assertInstantiable(java.lang.Class) -> a
    com.google.gson.internal.UnsafeAllocator create() -> b
    java.lang.Object newInstance(java.lang.Class) -> c
com.google.gson.internal.UnsafeAllocator$1 -> t3.m$a:
    java.lang.Object val$unsafe -> b
    java.lang.reflect.Method val$allocateInstance -> a
    java.lang.Object newInstance(java.lang.Class) -> c
com.google.gson.internal.UnsafeAllocator$2 -> t3.m$b:
    int val$constructorId -> b
    java.lang.reflect.Method val$newInstance -> a
    java.lang.Object newInstance(java.lang.Class) -> c
com.google.gson.internal.UnsafeAllocator$3 -> t3.m$c:
    java.lang.reflect.Method val$newInstance -> a
    java.lang.Object newInstance(java.lang.Class) -> c
com.google.gson.internal.UnsafeAllocator$4 -> t3.m$d:
    java.lang.Object newInstance(java.lang.Class) -> c
com.google.gson.internal.bind.ArrayTypeAdapter -> u3.a:
    com.google.gson.TypeAdapterFactory FACTORY -> c
    com.google.gson.TypeAdapter componentTypeAdapter -> b
    java.lang.Class componentType -> a
    java.lang.Object read(com.google.gson.stream.JsonReader) -> c
    void write(com.google.gson.stream.JsonWriter,java.lang.Object) -> e
com.google.gson.internal.bind.ArrayTypeAdapter$1 -> u3.a$a:
com.google.gson.internal.bind.CollectionTypeAdapterFactory -> u3.b:
    com.google.gson.internal.ConstructorConstructor constructorConstructor -> m
com.google.gson.internal.bind.CollectionTypeAdapterFactory$Adapter -> u3.b$a:
    com.google.gson.internal.ObjectConstructor constructor -> b
    com.google.gson.TypeAdapter elementTypeAdapter -> a
    java.lang.Object read(com.google.gson.stream.JsonReader) -> c
    void write(com.google.gson.stream.JsonWriter,java.lang.Object) -> e
    java.util.Collection read(com.google.gson.stream.JsonReader) -> f
    void write(com.google.gson.stream.JsonWriter,java.util.Collection) -> g
com.google.gson.internal.bind.DateTypeAdapter -> u3.c:
    java.util.List dateFormats -> a
    com.google.gson.TypeAdapterFactory FACTORY -> b
    java.lang.Object read(com.google.gson.stream.JsonReader) -> c
    void write(com.google.gson.stream.JsonWriter,java.lang.Object) -> e
    java.util.Date deserializeToDate(java.lang.String) -> f
    java.util.Date read(com.google.gson.stream.JsonReader) -> g
    void write(com.google.gson.stream.JsonWriter,java.util.Date) -> h
com.google.gson.internal.bind.DateTypeAdapter$1 -> u3.c$a:
com.google.gson.internal.bind.DefaultDateTypeAdapter -> u3.d:
    java.util.List dateFormats -> b
    com.google.gson.internal.bind.DefaultDateTypeAdapter$DateType dateType -> a
    java.lang.Object read(com.google.gson.stream.JsonReader) -> c
    void write(com.google.gson.stream.JsonWriter,java.lang.Object) -> e
    java.util.Date deserializeToDate(java.lang.String) -> f
    java.util.Date read(com.google.gson.stream.JsonReader) -> g
    void write(com.google.gson.stream.JsonWriter,java.util.Date) -> h
com.google.gson.internal.bind.DefaultDateTypeAdapter$1 -> u3.d$a: