build/app/outputs/mapping/release/usage.txt
com.quickPharma.quick_pharma_android.BuildConfig
com.quickPharma.quick_pharma_android.R$anim
com.quickPharma.quick_pharma_android.R$animator
com.quickPharma.quick_pharma_android.R$attr
com.quickPharma.quick_pharma_android.R$bool
com.quickPharma.quick_pharma_android.R$color
com.quickPharma.quick_pharma_android.R$dimen
com.quickPharma.quick_pharma_android.R$drawable
com.quickPharma.quick_pharma_android.R$id
com.quickPharma.quick_pharma_android.R$integer
com.quickPharma.quick_pharma_android.R$interpolator
com.quickPharma.quick_pharma_android.R$layout
com.quickPharma.quick_pharma_android.R$mipmap
com.quickPharma.quick_pharma_android.R$raw
com.quickPharma.quick_pharma_android.R$string
com.quickPharma.quick_pharma_android.R$style
com.quickPharma.quick_pharma_android.R$styleable
com.quickPharma.quick_pharma_android.R$xml
com.quickPharma.quick_pharma_android.R
...
com.google.android.gms.maps.zzad
com.google.android.gms.maps.zzae
com.google.android.gms.maps.zzag:
    public final android.view.View onCreateView(android.view.LayoutInflater,android.view.ViewGroup,android.os.Bundle)
    public final void onDestroyView()
    public final void onInflate(android.app.Activity,android.os.Bundle,android.os.Bundle)
    public final void onLowMemory()
    public final void onPause()
    public final void zza(android.os.Bundle)
    public final void zzb()
com.google.android.gms.maps.zzai
com.google.android.gms.maps.zzaj
com.google.android.gms.maps.zzak
com.google.android.gms.maps.zzal
com.google.android.gms.maps.zzam
com.google.android.gms.maps.zzan
com.google.android.gms.maps.zzao
com.google.android.gms.maps.zzap
com.google.android.gms.maps.zzaq
com.google.android.gms.maps.zzar
com.google.android.gms.maps.zzas
com.google.android.gms.maps.zzat
com.google.android.gms.maps.zzau
com.google.android.gms.maps.zzav
com.google.android.gms.maps.zzaw
com.google.android.gms.maps.zzax
com.google.android.gms.maps.zzay
com.google.android.gms.maps.zzd
com.google.android.gms.maps.zze
com.google.android.gms.maps.zzf
com.google.android.gms.maps.zzg
com.google.android.gms.maps.zzh
com.google.android.gms.maps.zzi
com.google.android.gms.maps.zzk
com.google.android.gms.maps.zzl
com.google.android.gms.maps.zzm
com.google.android.gms.maps.zzr
com.google.android.gms.maps.zzs
com.google.android.gms.maps.zzt
com.google.android.gms.maps.zzw
com.google.android.gms.measurement.AppMeasurement$ConditionalUserProperty:
    public void <init>(com.google.android.gms.measurement.AppMeasurement$ConditionalUserProperty)
com.google.android.gms.measurement.AppMeasurement$EventInterceptor
com.google.android.gms.measurement.AppMeasurement$OnEventListener
com.google.android.gms.measurement.AppMeasurement:
    public static final java.lang.String CRASH_ORIGIN
    public static final java.lang.String FCM_ORIGIN
    public static final java.lang.String FIAM_ORIGIN
    public java.lang.Boolean getBoolean()
    public java.lang.Double getDouble()
    public java.lang.Integer getInteger()
    public java.lang.Long getLong()
    public java.lang.String getString()
    public java.util.Map getUserProperties(boolean)
    public void logEventInternalNoInterceptor(java.lang.String,java.lang.String,android.os.Bundle,long)
    public void registerOnMeasurementEventListener(com.google.android.gms.measurement.AppMeasurement$OnEventListener)
    public void setEventInterceptor(com.google.android.gms.measurement.AppMeasurement$EventInterceptor)
    public void unregisterOnMeasurementEventListener(com.google.android.gms.measurement.AppMeasurement$OnEventListener)
com.google.android.gms.measurement.AppMeasurementContentProvider
com.google.android.gms.measurement.AppMeasurementReceiver:
    public android.content.BroadcastReceiver$PendingResult doGoAsync()
com.google.android.gms.measurement.api.AppMeasurementSdk$ConditionalUserProperty
com.google.android.gms.measurement.api.AppMeasurementSdk$EventInterceptor
com.google.android.gms.measurement.api.AppMeasurementSdk$OnEventListener